f:\users\dbrow\documents\school\game engines 4\classengine_week1\classengine_week1\debug\vc142.pdb
f:\users\dbrow\documents\school\game engines 4\classengine_week1\classengine_week1\debug\vc142.idb
f:\users\dbrow\documents\school\game engines 4\classengine_week1\classengine_week1\debug\mouseeventlistener.obj
f:\users\dbrow\documents\school\game engines 4\classengine_week1\classengine_week1\debug\texturehandler.obj
f:\users\dbrow\documents\school\game engines 4\classengine_week1\classengine_week1\debug\shaderhandler.obj
f:\users\dbrow\documents\school\game engines 4\classengine_week1\classengine_week1\debug\model.obj
f:\users\dbrow\documents\school\game engines 4\classengine_week1\classengine_week1\debug\mesh.obj
f:\users\dbrow\documents\school\game engines 4\classengine_week1\classengine_week1\debug\startscene.obj
f:\users\dbrow\documents\school\game engines 4\classengine_week1\classengine_week1\debug\timer.obj
f:\users\dbrow\documents\school\game engines 4\classengine_week1\classengine_week1\debug\window.obj
f:\users\dbrow\documents\school\game engines 4\classengine_week1\classengine_week1\debug\main.obj
f:\users\dbrow\documents\school\game engines 4\classengine_week1\classengine_week1\debug\loadobjmodel.obj
f:\users\dbrow\documents\school\game engines 4\classengine_week1\classengine_week1\debug\lightsource.obj
f:\users\dbrow\documents\school\game engines 4\classengine_week1\classengine_week1\debug\game1.obj
f:\users\dbrow\documents\school\game engines 4\classengine_week1\classengine_week1\debug\gamescene.obj
f:\users\dbrow\documents\school\game engines 4\classengine_week1\classengine_week1\debug\gameobject.obj
f:\users\dbrow\documents\school\game engines 4\classengine_week1\classengine_week1\debug\eventlistener.obj
f:\users\dbrow\documents\school\game engines 4\classengine_week1\classengine_week1\debug\debug.obj
f:\users\dbrow\documents\school\game engines 4\classengine_week1\classengine_week1\debug\coreengine.obj
f:\users\dbrow\documents\school\game engines 4\classengine_week1\classengine_week1\debug\camera.obj
f:\users\dbrow\documents\school\game engines 4\classengine_week1\classengine_week1\debug\scenegraph.obj
f:\users\dbrow\documents\school\game engines 4\classengine_week1\classengine_week1\debug\materialloader.obj
f:\users\dbrow\documents\school\game engines 4\classengine_week1\classengine_week1\debug\materialhandler.obj
f:\users\dbrow\documents\school\game engines 4\classengine_week1\classengine_week1\debug\collisiondetection.obj
f:\users\dbrow\documents\school\game engines 4\classengine_week1\classengine_week1\debug\collisionhandler.obj
f:\users\dbrow\documents\school\game engines 4\classengine_week1\classengine_week1\debug\frustum.obj
f:\users\dbrow\documents\school\game engines 4\classengine_week1\classengine_week1\debug\plane.obj
f:\users\dbrow\documents\school\game engines 4\classengine_week1\classengine_week1\debug\octspatialpartition.obj
f:\users\sleepy\documents\school\game engines 4\classengine_week1\classengine_week1\debug\vc142.pdb
f:\users\sleepy\documents\school\game engines 4\classengine_week1\classengine_week1\debug\vc142.idb
f:\users\sleepy\documents\school\game engines 4\classengine_week1\classengine_week1\debug\texturehandler.obj
f:\users\sleepy\documents\school\game engines 4\classengine_week1\classengine_week1\debug\shaderhandler.obj
f:\users\sleepy\documents\school\game engines 4\classengine_week1\classengine_week1\debug\model.obj
f:\users\sleepy\documents\school\game engines 4\classengine_week1\classengine_week1\debug\mesh.obj
f:\users\sleepy\documents\school\game engines 4\classengine_week1\classengine_week1\debug\startscene.obj
f:\users\sleepy\documents\school\game engines 4\classengine_week1\classengine_week1\debug\timer.obj
f:\users\sleepy\documents\school\game engines 4\classengine_week1\classengine_week1\debug\window.obj
f:\users\sleepy\documents\school\game engines 4\classengine_week1\classengine_week1\debug\main.obj
f:\users\sleepy\documents\school\game engines 4\classengine_week1\classengine_week1\debug\loadobjmodel.obj
f:\users\sleepy\documents\school\game engines 4\classengine_week1\classengine_week1\debug\lightsource.obj
f:\users\sleepy\documents\school\game engines 4\classengine_week1\classengine_week1\debug\game1.obj
f:\users\sleepy\documents\school\game engines 4\classengine_week1\classengine_week1\debug\gamescene.obj
f:\users\sleepy\documents\school\game engines 4\classengine_week1\classengine_week1\debug\frustum.obj
f:\users\sleepy\documents\school\game engines 4\classengine_week1\classengine_week1\debug\gameobject.obj
f:\users\sleepy\documents\school\game engines 4\classengine_week1\classengine_week1\debug\eventlistener.obj
f:\users\sleepy\documents\school\game engines 4\classengine_week1\classengine_week1\debug\debug.obj
f:\users\sleepy\documents\school\game engines 4\classengine_week1\classengine_week1\debug\coreengine.obj
f:\users\sleepy\documents\school\game engines 4\classengine_week1\classengine_week1\debug\camera.obj
f:\users\sleepy\documents\school\game engines 4\classengine_week1\classengine_week1\debug\collisiondetection.obj
f:\users\sleepy\documents\school\game engines 4\classengine_week1\classengine_week1\debug\collisionhandler.obj
f:\users\sleepy\documents\school\game engines 4\classengine_week1\classengine_week1\debug\octspatialpartition.obj
f:\users\sleepy\documents\school\game engines 4\classengine_week1\classengine_week1\debug\plane.obj
f:\users\sleepy\documents\school\game engines 4\classengine_week1\classengine_week1\debug\materialloader.obj
f:\users\sleepy\documents\school\game engines 4\classengine_week1\classengine_week1\debug\materialhandler.obj
f:\users\sleepy\documents\school\game engines 4\classengine_week1\classengine_week1\debug\scenegraph.obj
f:\users\sleepy\documents\school\game engines 4\classengine_week1\classengine_week1\debug\mouseeventlistener.obj
f:\users\sleepy\documents\school\game engines 4\classengine_week1\classengine_week1\debug\component.obj
f:\users\sleepy\documents\school\game engines 4\classengine_week1\classengine_week1\debug\testcomponent.obj
f:\users\sleepy\documents\school\semester 5\classengine\classengine_week1\classengine_week1\debug\vc142.pdb
f:\users\sleepy\documents\school\semester 5\classengine\classengine_week1\classengine_week1\debug\vc142.idb
f:\users\sleepy\documents\school\semester 5\classengine\classengine_week1\classengine_week1\debug\model.obj
f:\users\sleepy\documents\school\semester 5\classengine\classengine_week1\classengine_week1\debug\mesh.obj
f:\users\sleepy\documents\school\semester 5\classengine\classengine_week1\classengine_week1\debug\startscene.obj
f:\users\sleepy\documents\school\semester 5\classengine\classengine_week1\classengine_week1\debug\timer.obj
f:\users\sleepy\documents\school\semester 5\classengine\classengine_week1\classengine_week1\debug\window.obj
f:\users\sleepy\documents\school\semester 5\classengine\classengine_week1\classengine_week1\debug\main.obj
f:\users\sleepy\documents\school\semester 5\classengine\classengine_week1\classengine_week1\debug\loadobjmodel.obj
f:\users\sleepy\documents\school\semester 5\classengine\classengine_week1\classengine_week1\debug\lightsource.obj
f:\users\sleepy\documents\school\semester 5\classengine\classengine_week1\classengine_week1\debug\game1.obj
f:\users\sleepy\documents\school\semester 5\classengine\classengine_week1\classengine_week1\debug\gamescene.obj
f:\users\sleepy\documents\school\semester 5\classengine\classengine_week1\classengine_week1\debug\testcomponent.obj
f:\users\sleepy\documents\school\semester 5\classengine\classengine_week1\classengine_week1\debug\frustum.obj
f:\users\sleepy\documents\school\semester 5\classengine\classengine_week1\classengine_week1\debug\gameobject.obj
f:\users\sleepy\documents\school\semester 5\classengine\classengine_week1\classengine_week1\debug\eventlistener.obj
f:\users\sleepy\documents\school\semester 5\classengine\classengine_week1\classengine_week1\debug\debug.obj
f:\users\sleepy\documents\school\semester 5\classengine\classengine_week1\classengine_week1\debug\coreengine.obj
f:\users\sleepy\documents\school\semester 5\classengine\classengine_week1\classengine_week1\debug\camera.obj
f:\users\sleepy\documents\school\semester 5\classengine\classengine_week1\classengine_week1\debug\collisiondetection.obj
f:\users\sleepy\documents\school\semester 5\classengine\classengine_week1\classengine_week1\debug\collisionhandler.obj
f:\users\sleepy\documents\school\semester 5\classengine\classengine_week1\classengine_week1\debug\component.obj
f:\users\sleepy\documents\school\semester 5\classengine\classengine_week1\classengine_week1\debug\octspatialpartition.obj
f:\users\sleepy\documents\school\semester 5\classengine\classengine_week1\classengine_week1\debug\plane.obj
f:\users\sleepy\documents\school\semester 5\classengine\classengine_week1\classengine_week1\debug\materialloader.obj
f:\users\sleepy\documents\school\semester 5\classengine\classengine_week1\classengine_week1\debug\materialhandler.obj
f:\users\sleepy\documents\school\semester 5\classengine\classengine_week1\classengine_week1\debug\scenegraph.obj
f:\users\sleepy\documents\school\semester 5\classengine\classengine_week1\classengine_week1\debug\mouseeventlistener.obj
f:\users\sleepy\documents\school\semester 5\classengine\classengine_week1\classengine_week1\debug\texturehandler.obj
f:\users\sleepy\documents\school\semester 5\classengine\classengine_week1\classengine_week1\debug\shaderhandler.obj
f:\users\sleepy\documents\school\semester 5\classengine\classengine_week1\classengine_week1\debug\imgui_widgets.obj
f:\users\sleepy\documents\school\semester 5\classengine\classengine_week1\classengine_week1\debug\imgui_draw.obj
f:\users\sleepy\documents\school\semester 5\classengine\classengine_week1\classengine_week1\debug\imgui_demo.obj
f:\users\sleepy\documents\school\semester 5\classengine\classengine_week1\classengine_week1\debug\imgui.obj
f:\users\sleepy\documents\school\semester 5\classengine\classengine_week1\classengine_week1\debug\imgui_impl_sdl.obj
f:\users\sleepy\documents\school\semester 5\classengine\classengine_week1\classengine_week1\debug\imgui_stdlib.obj
f:\users\sleepy\documents\school\semester 5\classengine\classengine_week1\classengine_week1\debug\imgui_impl_opengl3.obj
f:\users\dbrow\documents\school\game engines 4\classengine_week1\debug\classengine_week1.exe
f:\users\dbrow\documents\school\game engines 4\classengine_week1\debug\classengine_week1.ilk
f:\users\dbrow\documents\school\game engines 4\classengine_week1\debug\classengine_week1.pdb
f:\users\sleepy\documents\school\game engines 4\classengine_week1\debug\classengine_week1.ilk
f:\users\sleepy\documents\school\game engines 4\classengine_week1\debug\classengine_week1.exe
f:\users\sleepy\documents\school\game engines 4\classengine_week1\debug\classengine_week1.pdb
f:\users\sleepy\documents\school\semester 5\classengine\classengine_week1\classengine_week1\debug\logmanager.obj
f:\users\sleepy\documents\school\semester 5\classengine\classengine_week1\classengine_week1\debug\vc141.idb
f:\users\sleepy\documents\school\semester 5\classengine\classengine_week1\classengine_week1\debug\vc141.pdb
f:\users\sleepy\documents\school\semester 5\classengine\classengine_week1\debug\classengine_week1.pdb
f:\users\sleepy\documents\school\semester 5\classengine\classengine_week1\classengine_week1\debug\classeng.ccd5c4db.tlog\cl.command.1.tlog
f:\users\sleepy\documents\school\semester 5\classengine\classengine_week1\classengine_week1\debug\classeng.ccd5c4db.tlog\cl.read.1.tlog
f:\users\sleepy\documents\school\semester 5\classengine\classengine_week1\classengine_week1\debug\classeng.ccd5c4db.tlog\cl.write.1.tlog
f:\users\sleepy\documents\school\semester 5\classengine\classengine_week1\classengine_week1\debug\classeng.ccd5c4db.tlog\link.command.1.tlog
f:\users\sleepy\documents\school\semester 5\classengine\classengine_week1\classengine_week1\debug\classeng.ccd5c4db.tlog\link.read.1.tlog
f:\users\sleepy\documents\school\semester 5\classengine\classengine_week1\classengine_week1\debug\classeng.ccd5c4db.tlog\link.write.1.tlog
