  Component.cpp
  CollisionHandler.cpp
F:\Users\Sleepy\Documents\School\Semester 5\ClassEngine\ClassEngine_Week1\ClassEngine_Week1\Engine\Math\Ray.h(4,10): fatal error C1083: Cannot open include file: 'glm/glm.hpp': No such file or directory
  CollisionDetection.cpp
F:\Users\Sleepy\Documents\School\Semester 5\ClassEngine\ClassEngine_Week1\ClassEngine_Week1\Engine\Camera\Camera.h(4,10): fatal error C1083: Cannot open include file: 'glm/glm.hpp': No such file or directory
  Camera.cpp
F:\Users\Sleepy\Documents\School\Semester 5\ClassEngine\ClassEngine_Week1\ClassEngine_Week1\Engine\Camera\Camera.h(4,10): fatal error C1083: Cannot open include file: 'glm/glm.hpp': No such file or directory
  CoreEngine.cpp
F:\Users\Sleepy\Documents\School\Semester 5\ClassEngine\ClassEngine_Week1\ClassEngine_Week1\Engine\Core\Window.h(4,10): fatal error C1083: Cannot open include file: 'SDL.h': No such file or directory
  Debug.cpp
  EventListener.cpp
F:\Users\Sleepy\Documents\School\Semester 5\ClassEngine\ClassEngine_Week1\ClassEngine_Week1\Engine\Event\MouseEventListener.h(4,10): fatal error C1083: Cannot open include file: 'SDL.h': No such file or directory
  GameObject.cpp
F:\Users\Sleepy\Documents\School\Semester 5\ClassEngine\ClassEngine_Week1\ClassEngine_Week1\Engine\Rendering\3D\Mesh.h(4,10): fatal error C1083: Cannot open include file: 'glew.h': No such file or directory
  Frustum.cpp
F:\Users\Sleepy\Documents\School\Semester 5\ClassEngine\ClassEngine_Week1\ClassEngine_Week1\Engine\Math\Plane.h(5,10): fatal error C1083: Cannot open include file: 'glm/glm.hpp': No such file or directory
  TestComponent.cpp
F:\Users\Sleepy\Documents\School\Semester 5\ClassEngine\ClassEngine_Week1\ClassEngine_Week1\Engine\Rendering\3D\Mesh.h(4,10): fatal error C1083: Cannot open include file: 'glew.h': No such file or directory
  GameScene.cpp
F:\Users\Sleepy\Documents\School\Semester 5\ClassEngine\ClassEngine_Week1\ClassEngine_Week1\Engine\Core\Window.h(4,10): fatal error C1083: Cannot open include file: 'SDL.h': No such file or directory
  Game1.cpp
F:\Users\Sleepy\Documents\School\Semester 5\ClassEngine\ClassEngine_Week1\ClassEngine_Week1\Engine\Core\Window.h(4,10): fatal error C1083: Cannot open include file: 'SDL.h': No such file or directory
  LightSource.cpp
F:\Users\Sleepy\Documents\School\Semester 5\ClassEngine\ClassEngine_Week1\ClassEngine_Week1\Engine\FX\LightSource.h(4,10): fatal error C1083: Cannot open include file: 'glew.h': No such file or directory
  LoadOBJModel.cpp
F:\Users\Sleepy\Documents\School\Semester 5\ClassEngine\ClassEngine_Week1\ClassEngine_Week1\Engine\Rendering\3D\Mesh.h(4,10): fatal error C1083: Cannot open include file: 'glew.h': No such file or directory
  Main.cpp
F:\Users\Sleepy\Documents\School\Semester 5\ClassEngine\ClassEngine_Week1\ClassEngine_Week1\Engine\Core\Window.h(4,10): fatal error C1083: Cannot open include file: 'SDL.h': No such file or directory
  Window.cpp
F:\Users\Sleepy\Documents\School\Semester 5\ClassEngine\ClassEngine_Week1\ClassEngine_Week1\Engine\Core\Window.h(4,10): fatal error C1083: Cannot open include file: 'SDL.h': No such file or directory
  Timer.cpp
F:\Users\Sleepy\Documents\School\Semester 5\ClassEngine\ClassEngine_Week1\ClassEngine_Week1\Engine\Core\Timer.h(4,10): fatal error C1083: Cannot open include file: 'SDL.h': No such file or directory
  StartScene.cpp
F:\Users\Sleepy\Documents\School\Semester 5\ClassEngine\ClassEngine_Week1\ClassEngine_Week1\Engine\Core\Window.h(4,10): fatal error C1083: Cannot open include file: 'SDL.h': No such file or directory
  Mesh.cpp
F:\Users\Sleepy\Documents\School\Semester 5\ClassEngine\ClassEngine_Week1\ClassEngine_Week1\Engine\Rendering\3D\Mesh.h(4,10): fatal error C1083: Cannot open include file: 'glew.h': No such file or directory
  Model.cpp
F:\Users\Sleepy\Documents\School\Semester 5\ClassEngine\ClassEngine_Week1\ClassEngine_Week1\Engine\Rendering\3D\Mesh.h(4,10): fatal error C1083: Cannot open include file: 'glew.h': No such file or directory
  Generating Code...
  Compiling...
  ShaderHandler.cpp
F:\Users\Sleepy\Documents\School\Semester 5\ClassEngine\ClassEngine_Week1\ClassEngine_Week1\Engine\Graphics\ShaderHandler.h(9,10): fatal error C1083: Cannot open include file: 'glew.h': No such file or directory
  TextureHandler.cpp
F:\Users\Sleepy\Documents\School\Semester 5\ClassEngine\ClassEngine_Week1\ClassEngine_Week1\Engine\Graphics\TextureHandler.h(7,10): fatal error C1083: Cannot open include file: 'SDL.h': No such file or directory
  MouseEventListener.cpp
F:\Users\Sleepy\Documents\School\Semester 5\ClassEngine\ClassEngine_Week1\ClassEngine_Week1\Engine\Event\MouseEventListener.h(4,10): fatal error C1083: Cannot open include file: 'SDL.h': No such file or directory
  SceneGraph.cpp
F:\Users\Sleepy\Documents\School\Semester 5\ClassEngine\ClassEngine_Week1\ClassEngine_Week1\Engine\Rendering\3D\Mesh.h(4,10): fatal error C1083: Cannot open include file: 'glew.h': No such file or directory
  MaterialHandler.cpp
F:\Users\Sleepy\Documents\School\Semester 5\ClassEngine\ClassEngine_Week1\ClassEngine_Week1\Engine\Graphics\MaterialHandler.h(5,10): fatal error C1083: Cannot open include file: 'glew.h': No such file or directory
  MaterialLoader.cpp
F:\Users\Sleepy\Documents\School\Semester 5\ClassEngine\ClassEngine_Week1\ClassEngine_Week1\Engine\Graphics\MaterialHandler.h(5,10): fatal error C1083: Cannot open include file: 'glew.h': No such file or directory
  Plane.cpp
F:\Users\Sleepy\Documents\School\Semester 5\ClassEngine\ClassEngine_Week1\ClassEngine_Week1\Engine\Math\Plane.h(5,10): fatal error C1083: Cannot open include file: 'glm/glm.hpp': No such file or directory
  OctSpatialPartition.cpp
F:\Users\Sleepy\Documents\School\Semester 5\ClassEngine\ClassEngine_Week1\ClassEngine_Week1\Engine\Math\Ray.h(4,10): fatal error C1083: Cannot open include file: 'glm/glm.hpp': No such file or directory
  Generating Code...
